id	priority	createdTime	startedTime	terminatedTime	cpuTime	blockedTime	turnaroundTime	waitingTime	responseTime
1	0	0	0	50	38	12	50	24	0
2	0	133	133	218	47	38	85	76	0
3	0	297	297	410	91	22	113	44	0
4	0	645	645	647	2	0	2	0	0
5	0	833	833	891	44	14	58	28	0
6	0	938	938	1041	81	22	103	44	0
7	0	1464	1464	1510	38	8	46	16	0
8	0	1631	1631	1809	115	63	178	126	0
9	0	1811	1811	1858	16	31	47	62	0
10	0	1876	1876	1934	35	23	58	46	0
11	0	2206	2206	2302	64	32	96	64	0
12	0	2407	2407	2444	17	20	37	40	0
13	0	2627	2627	2662	35	0	35	0	0
14	0	2675	2675	2703	20	8	28	16	0
15	0	2800	2800	2821	21	0	21	0	0
16	0	3010	3010	3041	31	0	31	0	0
17	0	3014	3041	3042	1	0	28	27	27
18	0	3495	3495	3528	20	13	33	26	0
19	0	3701	3701	3717	11	5	16	10	0
20	0	3894	3894	3907	13	0	13	0	0
21	0	3970	3970	4119	125	3	149	27	0
22	0	4039	4082	4134	39	8	95	64	43
23	0	4201	4201	4223	22	0	22	0	0
25	0	4402	4435	4444	9	0	42	33	33
24	0	4369	4369	4567	153	44	198	89	0
26	0	4677	4677	4728	47	4	51	8	0
27	0	5014	5014	5107	63	30	93	60	0
29	0	5374	5425	5506	61	2	132	73	51
30	0	5420	5458	5518	23	13	98	88	38
28	0	5373	5373	5558	99	47	185	133	0
0	0	0	0	5558	4177	0	5558	1381	0
